Inicio:
Wed Feb 11 03:51:34 PM PST 2026
Copiando dos.txt
/home/gerson/labs/lab4/smart_backup.sh: line 17: cd: too many arguments
Copiando notas.txt
/home/gerson/labs/lab4/smart_backup.sh: line 17: cd: too many arguments
Copiando tres.txt
/home/gerson/labs/lab4/smart_backup.sh: line 17: cd: too many arguments
Copiando uno.txt
/home/gerson/labs/lab4/smart_backup.sh: line 17: cd: too many arguments
Backup listo
Inicio:
Wed Feb 11 04:01:01 PM PST 2026
Copiando dos.txt
/home/gerson/labs/lab4/smart_backup.sh: 17: cd: can't cd to dos.txt
Copiando notas.txt
/home/gerson/labs/lab4/smart_backup.sh: 17: cd: can't cd to notas.txt
Copiando tres.txt
/home/gerson/labs/lab4/smart_backup.sh: 17: cd: can't cd to tres.txt
Copiando uno.txt
/home/gerson/labs/lab4/smart_backup.sh: 17: cd: can't cd to uno.txt
Backup listo
Inicio:
Wed Feb 11 04:02:01 PM PST 2026
Copiando dos.txt
/home/gerson/labs/lab4/smart_backup.sh: 17: cd: can't cd to dos.txt
Copiando notas.txt
/home/gerson/labs/lab4/smart_backup.sh: 17: cd: can't cd to notas.txt
Copiando tres.txt
/home/gerson/labs/lab4/smart_backup.sh: 17: cd: can't cd to tres.txt
Copiando uno.txt
/home/gerson/labs/lab4/smart_backup.sh: 17: cd: can't cd to uno.txt
Backup listo
Inicio:
Wed Feb 11 04:03:01 PM PST 2026
Copiando dos.txt
/home/gerson/labs/lab4/smart_backup.sh: 17: cd: can't cd to dos.txt
Copiando notas.txt
/home/gerson/labs/lab4/smart_backup.sh: 17: cd: can't cd to notas.txt
Copiando tres.txt
/home/gerson/labs/lab4/smart_backup.sh: 17: cd: can't cd to tres.txt
Copiando uno.txt
/home/gerson/labs/lab4/smart_backup.sh: 17: cd: can't cd to uno.txt
Backup listo
Inicio:
Wed Feb 11 04:04:01 PM PST 2026
Copiando dos.txt
/home/gerson/labs/lab4/smart_backup.sh: 17: cd: can't cd to dos.txt
Copiando notas.txt
/home/gerson/labs/lab4/smart_backup.sh: 17: cd: can't cd to notas.txt
Copiando tres.txt
/home/gerson/labs/lab4/smart_backup.sh: 17: cd: can't cd to tres.txt
Copiando uno.txt
/home/gerson/labs/lab4/smart_backup.sh: 17: cd: can't cd to uno.txt
Backup listo
Inicio:
Wed Feb 11 04:05:01 PM PST 2026
Copiando dos.txt
/home/gerson/labs/lab4/smart_backup.sh: 17: cd: can't cd to dos.txt
Copiando notas.txt
/home/gerson/labs/lab4/smart_backup.sh: 17: cd: can't cd to notas.txt
Copiando tres.txt
/home/gerson/labs/lab4/smart_backup.sh: 17: cd: can't cd to tres.txt
Copiando uno.txt
/home/gerson/labs/lab4/smart_backup.sh: 17: cd: can't cd to uno.txt
Backup listo
Inicio:
Wed Feb 11 04:06:01 PM PST 2026
Copiando dos.txt
Copiando notas.txt
Copiando tres.txt
Copiando uno.txt
Backup listo
Inicio:
Wed Feb 11 04:07:01 PM PST 2026
Copiando dos.txt
Copiando notas.txt
Copiando tres.txt
Copiando uno.txt
Backup listo
Inicio:
Wed Feb 11 04:08:01 PM PST 2026
Copiando dos.txt
Copiando notas.txt
Copiando tres.txt
Copiando uno.txt
Backup listo
Inicio:
Wed Feb 11 04:09:01 PM PST 2026
Copiando dos.txt
Copiando notas.txt
Copiando tres.txt
Copiando uno.txt
Backup listo
